D:\PICTURES\COMP.SCIENCE\VIDEOS\PROJECT\SFML(DOTS)\SFML(DOTS)\DEBUG\TEST(SFML).OBJ
D:\PICTURES\COMP.SCIENCE\VIDEOS\PROJECT\SFML(DOTS)\SFML(DOTS)\DEBUG\VC110.PDB
D:\PICTURES\COMP.SCIENCE\VIDEOS\PROJECT\SFML(DOTS)\SFML(DOTS)\DEBUG\SFML(DOTS).OBJ
D:\PICTURES\COMP.SCIENCE\VIDEOS\PROJECT\SFML(DOTS)\SFML(DOTS)\DEBUG\TEST1.OBJ
D:\PICTURES\COMP.SCIENCE\VIDEOS\PROJECT\SFML(DOTS)\DEBUG\SFML(DOTS).ILK
D:\PICTURES\COMP.SCIENCE\VIDEOS\PROJECT\SFML(DOTS)\DEBUG\SFML(DOTS).EXE
D:\PICTURES\COMP.SCIENCE\VIDEOS\PROJECT\SFML(DOTS)\DEBUG\SFML(DOTS).PDB
D:\pictures\comp.science\videos\project\sfml(dots)\sfml(dots)\Debug\sfml(dots).obj
D:\pictures\comp.science\videos\project\sfml(dots)\sfml(dots)\Debug\test(sfml).obj
D:\pictures\comp.science\videos\project\sfml(dots)\sfml(dots)\Debug\test1.obj
D:\pictures\comp.science\videos\project\sfml(dots)\sfml(dots)\Debug\cl.command.1.tlog
D:\pictures\comp.science\videos\project\sfml(dots)\sfml(dots)\Debug\CL.read.1.tlog
D:\pictures\comp.science\videos\project\sfml(dots)\sfml(dots)\Debug\CL.write.1.tlog
D:\pictures\comp.science\videos\project\sfml(dots)\sfml(dots)\Debug\link-cvtres.read.1.tlog
D:\pictures\comp.science\videos\project\sfml(dots)\sfml(dots)\Debug\link-cvtres.write.1.tlog
D:\pictures\comp.science\videos\project\sfml(dots)\sfml(dots)\Debug\link-rc.read.1.tlog
D:\pictures\comp.science\videos\project\sfml(dots)\sfml(dots)\Debug\link-rc.write.1.tlog
D:\pictures\comp.science\videos\project\sfml(dots)\sfml(dots)\Debug\link.2376-cvtres.read.1.tlog
D:\pictures\comp.science\videos\project\sfml(dots)\sfml(dots)\Debug\link.2376-cvtres.write.1.tlog
D:\pictures\comp.science\videos\project\sfml(dots)\sfml(dots)\Debug\link.2376-rc.read.1.tlog
D:\pictures\comp.science\videos\project\sfml(dots)\sfml(dots)\Debug\link.2376-rc.write.1.tlog
D:\pictures\comp.science\videos\project\sfml(dots)\sfml(dots)\Debug\link.2376.read.1.tlog
D:\pictures\comp.science\videos\project\sfml(dots)\sfml(dots)\Debug\link.2376.write.1.tlog
D:\pictures\comp.science\videos\project\sfml(dots)\sfml(dots)\Debug\link.2680-cvtres.read.1.tlog
D:\pictures\comp.science\videos\project\sfml(dots)\sfml(dots)\Debug\link.2680-cvtres.write.1.tlog
D:\pictures\comp.science\videos\project\sfml(dots)\sfml(dots)\Debug\link.2680-rc.read.1.tlog
D:\pictures\comp.science\videos\project\sfml(dots)\sfml(dots)\Debug\link.2680-rc.write.1.tlog
D:\pictures\comp.science\videos\project\sfml(dots)\sfml(dots)\Debug\link.2680.read.1.tlog
D:\pictures\comp.science\videos\project\sfml(dots)\sfml(dots)\Debug\link.2680.write.1.tlog
D:\pictures\comp.science\videos\project\sfml(dots)\sfml(dots)\Debug\link.4004-cvtres.read.1.tlog
D:\pictures\comp.science\videos\project\sfml(dots)\sfml(dots)\Debug\link.4004-cvtres.write.1.tlog
D:\pictures\comp.science\videos\project\sfml(dots)\sfml(dots)\Debug\link.4004-rc.read.1.tlog
D:\pictures\comp.science\videos\project\sfml(dots)\sfml(dots)\Debug\link.4004-rc.write.1.tlog
D:\pictures\comp.science\videos\project\sfml(dots)\sfml(dots)\Debug\link.4004.read.1.tlog
D:\pictures\comp.science\videos\project\sfml(dots)\sfml(dots)\Debug\link.4004.write.1.tlog
D:\pictures\comp.science\videos\project\sfml(dots)\sfml(dots)\Debug\link.4944-cvtres.read.1.tlog
D:\pictures\comp.science\videos\project\sfml(dots)\sfml(dots)\Debug\link.4944-cvtres.write.1.tlog
D:\pictures\comp.science\videos\project\sfml(dots)\sfml(dots)\Debug\link.4944-rc.read.1.tlog
D:\pictures\comp.science\videos\project\sfml(dots)\sfml(dots)\Debug\link.4944-rc.write.1.tlog
D:\pictures\comp.science\videos\project\sfml(dots)\sfml(dots)\Debug\link.4944.read.1.tlog
D:\pictures\comp.science\videos\project\sfml(dots)\sfml(dots)\Debug\link.4944.write.1.tlog
D:\pictures\comp.science\videos\project\sfml(dots)\sfml(dots)\Debug\link.5564-cvtres.read.1.tlog
D:\pictures\comp.science\videos\project\sfml(dots)\sfml(dots)\Debug\link.5564-cvtres.write.1.tlog
D:\pictures\comp.science\videos\project\sfml(dots)\sfml(dots)\Debug\link.5564-rc.read.1.tlog
D:\pictures\comp.science\videos\project\sfml(dots)\sfml(dots)\Debug\link.5564-rc.write.1.tlog
D:\pictures\comp.science\videos\project\sfml(dots)\sfml(dots)\Debug\link.5564.read.1.tlog
D:\pictures\comp.science\videos\project\sfml(dots)\sfml(dots)\Debug\link.5564.write.1.tlog
D:\pictures\comp.science\videos\project\sfml(dots)\sfml(dots)\Debug\link.5880-cvtres.read.1.tlog
D:\pictures\comp.science\videos\project\sfml(dots)\sfml(dots)\Debug\link.5880-cvtres.write.1.tlog
D:\pictures\comp.science\videos\project\sfml(dots)\sfml(dots)\Debug\link.5880-rc.read.1.tlog
D:\pictures\comp.science\videos\project\sfml(dots)\sfml(dots)\Debug\link.5880-rc.write.1.tlog
D:\pictures\comp.science\videos\project\sfml(dots)\sfml(dots)\Debug\link.5880.read.1.tlog
D:\pictures\comp.science\videos\project\sfml(dots)\sfml(dots)\Debug\link.5880.write.1.tlog
D:\pictures\comp.science\videos\project\sfml(dots)\sfml(dots)\Debug\link.6608-cvtres.read.1.tlog
D:\pictures\comp.science\videos\project\sfml(dots)\sfml(dots)\Debug\link.6608-cvtres.write.1.tlog
D:\pictures\comp.science\videos\project\sfml(dots)\sfml(dots)\Debug\link.6608-rc.read.1.tlog
D:\pictures\comp.science\videos\project\sfml(dots)\sfml(dots)\Debug\link.6608-rc.write.1.tlog
D:\pictures\comp.science\videos\project\sfml(dots)\sfml(dots)\Debug\link.6608.read.1.tlog
D:\pictures\comp.science\videos\project\sfml(dots)\sfml(dots)\Debug\link.6608.write.1.tlog
D:\pictures\comp.science\videos\project\sfml(dots)\sfml(dots)\Debug\link.860-cvtres.read.1.tlog
D:\pictures\comp.science\videos\project\sfml(dots)\sfml(dots)\Debug\link.860-cvtres.write.1.tlog
D:\pictures\comp.science\videos\project\sfml(dots)\sfml(dots)\Debug\link.860-rc.read.1.tlog
D:\pictures\comp.science\videos\project\sfml(dots)\sfml(dots)\Debug\link.860-rc.write.1.tlog
D:\pictures\comp.science\videos\project\sfml(dots)\sfml(dots)\Debug\link.860.read.1.tlog
D:\pictures\comp.science\videos\project\sfml(dots)\sfml(dots)\Debug\link.860.write.1.tlog
D:\pictures\comp.science\videos\project\sfml(dots)\sfml(dots)\Debug\link.command.1.tlog
D:\pictures\comp.science\videos\project\sfml(dots)\sfml(dots)\Debug\link.read.1.tlog
D:\pictures\comp.science\videos\project\sfml(dots)\sfml(dots)\Debug\link.write.1.tlog
D:\pictures\comp.science\videos\project\sfml(dots)\sfml(dots)\Debug\vc110.idb
D:\pictures\comp.science\videos\project\sfml(dots)\sfml(dots)\Debug\vc110.pdb
D:\pictures\comp.science\videos\project\sfml(dots)\Debug\sfml(dots).pdb
D:\pictures\comp.science\videos\project\sfml(dots)\Debug\sfml(dots).exe
D:\pictures\comp.science\videos\project\sfml(dots)\Debug\sfml(dots).ilk
